[debug] ----------------------------------------------------------------------
[debug] Command:      /Users/ana/.nvm/versions/node/v7.4.0/bin/node /Users/ana/Repositories/tech-and-tape/node_modules/.bin/firebase deploy
[debug] CLI Version:  3.2.0
[debug] Platform:     darwin
[debug] Node Version: v7.4.0
[debug] Time:         Wed Oct 04 2017 10:10:59 GMT-0700 (PDT)
[debug] ----------------------------------------------------------------------
[debug] 
[debug] > command requires scopes: ["email","openid","https://www.googleapis.com/auth/cloudplatformprojects.readonly","https://www.googleapis.com/auth/firebase"]
[debug] > refreshing access token with scopes: ["email","https://www.googleapis.com/auth/cloudplatformprojects.readonly","https://www.googleapis.com/auth/firebase","openid"]
[debug] >>> HTTP REQUEST POST https://www.googleapis.com/oauth2/v3/token
[debug] <<< HTTP RESPONSE 200
[debug] >>> HTTP REQUEST GET https://admin.firebase.com/v1/projects/tech-and-tape 
[debug] <<< HTTP RESPONSE 200
[debug] >>> HTTP REQUEST GET https://admin.firebase.com/v1/database/tech-and-tape/tokens 
[debug] <<< HTTP RESPONSE 200
[info] 
[info] === Deploying to 'tech-and-tape'...
[info] 
[info] i  deploying database, hosting
[info] ✔  database: rules ready to deploy.
[info] i  hosting: preparing public directory for upload...
[debug] >>> HTTP REQUEST PUT https://deploy.firebase.com/v1/hosting/tech-and-tape/uploads/-KvcMcW8HQkYSiCVKC4J?fileCount=1748&message= 
[debug] Error: write EPIPE
    at exports._errnoException (util.js:1022:11)
    at WriteWrap.afterWrite [as oncomplete] (net.js:804:14)
[error] 
[error] Error: Server Error. write EPIPE
