0 info it worked if it ends with ok
1 verbose cli [ '/Users/ana/.nvm/versions/node/v7.4.0/bin/node',
1 verbose cli   '/Users/ana/.nvm/versions/node/v7.4.0/bin/npm',
1 verbose cli   'version',
1 verbose cli   'patch' ]
2 info using npm@4.0.5
3 info using node@v7.4.0
4 info git [ 'status', '--porcelain' ]
5 info lifecycle get-coding-curricula@0.1.150~preversion: get-coding-curricula@0.1.150
6 silly lifecycle get-coding-curricula@0.1.150~preversion: no script for preversion, continuing
7 verbose version.write data { name: 'get-coding-curricula',
7 verbose version.write   version: '0.1.150',
7 verbose version.write   description: 'get coding curricula',
7 verbose version.write   main: 'index.js',
7 verbose version.write   scripts:
7 verbose version.write    { start: 'gitbook serve',
7 verbose version.write      test: 'echo "Error: no test specified" && exit 1',
7 verbose version.write      release: 'gitbook build . public; firebase deploy; git add .; git commit -am \'new release\'; npm version patch;',
7 verbose version.write      postversion: 'git push && git push --tags' },
7 verbose version.write   repository:
7 verbose version.write    { type: 'git',
7 verbose version.write      url: 'git+https://danleavitt0@github.com/9dots/get-coding-curricula.git' },
7 verbose version.write   author: '',
7 verbose version.write   license: 'ISC',
7 verbose version.write   bugs: { url: 'https://github.com/9dots/get-coding-curricula/issues' },
7 verbose version.write   homepage: 'https://github.com/9dots/get-coding-curricula#readme',
7 verbose version.write   dependencies:
7 verbose version.write    { 'gitbook-plugin-9dots-style': '^0.1.5',
7 verbose version.write      'gitbook-plugin-collapsible-menu': '^1.0.2',
7 verbose version.write      'gitbook-plugin-highlight': '^2.0.2',
7 verbose version.write      'gitbook-plugin-lunr': '^1.2.0',
7 verbose version.write      'gitbook-plugin-markedx': '0.1.17',
7 verbose version.write      'gitbook-plugin-mdx-components': '^0.1.8',
7 verbose version.write      'gitbook-plugin-prism': '^1.1.0',
7 verbose version.write      'gitbook-plugin-tasklist': '^0.5.12',
7 verbose version.write      'gitbook-plugin-toggle-chapters': '^0.0.3' },
7 verbose version.write   devDependencies: { 'firebase-tools': '^3.2.0', 'gitbook-cli': '^2.3.0' } } to package.json
8 info lifecycle get-coding-curricula@0.1.150~version: get-coding-curricula@0.1.150
9 silly lifecycle get-coding-curricula@0.1.150~version: no script for version, continuing
10 info git [ 'add', '/Users/ana/Repositories/tech-and-tape/package.json' ]
11 info git [ 'commit', '-m', '0.1.150' ]
12 info git [ 'tag', 'v0.1.150', '-am', '0.1.150' ]
13 info lifecycle get-coding-curricula@0.1.150~postversion: get-coding-curricula@0.1.150
14 verbose lifecycle get-coding-curricula@0.1.150~postversion: unsafe-perm in lifecycle true
15 verbose lifecycle get-coding-curricula@0.1.150~postversion: PATH: /Users/ana/.nvm/versions/node/v7.4.0/lib/node_modules/npm/bin/node-gyp-bin:/Users/ana/Repositories/tech-and-tape/node_modules/.bin:/Users/ana/Repositories/tech-and-tape/node_modules/.bin:/Users/ana/.config/yarn/link/node_modules/.bin:/Users/ana/Repositories/tech-and-tape/node_modules/.bin:/Users/ana/.config/yarn/link/node_modules/.bin:/usr/local/Cellar/yarn/0.18.1/libexec/lib/node_modules/yarn/bin/node-gyp-bin:/Users/ana/.nvm/versions/node/v7.4.0/bin:/usr/local/bin:/usr/bin:/bin:/usr/sbin:/sbin
16 verbose lifecycle get-coding-curricula@0.1.150~postversion: CWD: /Users/ana/Repositories/tech-and-tape
17 silly lifecycle get-coding-curricula@0.1.150~postversion: Args: [ '-c', 'git push && git push --tags' ]
18 silly lifecycle get-coding-curricula@0.1.150~postversion: Returned: code: 128  signal: null
19 info lifecycle get-coding-curricula@0.1.150~postversion: Failed to exec postversion script
20 verbose stack Error: get-coding-curricula@0.1.150 postversion: `git push && git push --tags`
20 verbose stack Exit status 128
20 verbose stack     at EventEmitter.<anonymous> (/Users/ana/.nvm/versions/node/v7.4.0/lib/node_modules/npm/lib/utils/lifecycle.js:279:16)
20 verbose stack     at emitTwo (events.js:106:13)
20 verbose stack     at EventEmitter.emit (events.js:191:7)
20 verbose stack     at ChildProcess.<anonymous> (/Users/ana/.nvm/versions/node/v7.4.0/lib/node_modules/npm/lib/utils/spawn.js:40:14)
20 verbose stack     at emitTwo (events.js:106:13)
20 verbose stack     at ChildProcess.emit (events.js:191:7)
20 verbose stack     at maybeClose (internal/child_process.js:885:16)
20 verbose stack     at Process.ChildProcess._handle.onexit (internal/child_process.js:226:5)
21 verbose pkgid get-coding-curricula@0.1.150
22 verbose cwd /Users/ana/Repositories/tech-and-tape
23 error Darwin 16.0.0
24 error argv "/Users/ana/.nvm/versions/node/v7.4.0/bin/node" "/Users/ana/.nvm/versions/node/v7.4.0/bin/npm" "version" "patch"
25 error node v7.4.0
26 error npm  v4.0.5
27 error code ELIFECYCLE
28 error get-coding-curricula@0.1.150 postversion: `git push && git push --tags`
28 error Exit status 128
29 error Failed at the get-coding-curricula@0.1.150 postversion script 'git push && git push --tags'.
29 error Make sure you have the latest version of node.js and npm installed.
29 error If you do, this is most likely a problem with the get-coding-curricula package,
29 error not with npm itself.
29 error Tell the author that this fails on your system:
29 error     git push && git push --tags
29 error You can get information on how to open an issue for this project with:
29 error     npm bugs get-coding-curricula
29 error Or if that isn't available, you can get their info via:
29 error     npm owner ls get-coding-curricula
29 error There is likely additional logging output above.
30 verbose exit [ 1, true ]
